<?xml version="1.0" encoding="UTF-8"?>
<testng-results ignored="0" total="1" passed="1" failed="0" skipped="0">
  <reporter-output>
  </reporter-output>
  <suite started-at="2022-03-09T12:46:39 IST" name="Default suite" finished-at="2022-03-09T12:46:42 IST" duration-ms="2348">
    <groups>
    </groups>
    <test started-at="2022-03-09T12:46:39 IST" name="Default test" finished-at="2022-03-09T12:46:42 IST" duration-ms="2348">
      <class name="autopro.writedatasheet">
        <test-method signature="sheetdata()[pri:0, instance:autopro.writedatasheet@15bbf42f]" started-at="2022-03-09T12:46:39 IST" name="sheetdata" finished-at="2022-03-09T12:46:42 IST" duration-ms="2235" status="PASS">
          <reporter-output>
          </reporter-output>
        </test-method> <!-- sheetdata -->
      </class> <!-- autopro.writedatasheet -->
    </test> <!-- Default test -->
  </suite> <!-- Default suite -->
</testng-results>
